<?xml version="1.0" encoding="UTF-8"?>
<testsuite name="com.userregistrationtest.UserRegistrationTest" tests="1" skipped="0" failures="0" errors="0" timestamp="2021-09-13T06:31:18" hostname="DESKTOP-038DJT2" time="0.018">
  <properties/>
  <testcase name="givenPassword1_WhenShort_ShouldReturnFalse()" classname="com.userregistrationtest.UserRegistrationTest" time="0.018"/>
  <system-out><![CDATA[Please enter valid password.
]]></system-out>
  <system-err><![CDATA[]]></system-err>
</testsuite>
