<?xml version="1.0" encoding="UTF-8"?>
<testsuite name="com.userregistrationtest.UserRegistrationTest" tests="1" skipped="0" failures="0" errors="0" timestamp="2021-09-06T12:39:56" hostname="DESKTOP-038DJT2" time="0.042">
  <properties/>
  <testcase name="givenPassword_WhenInvalid_ShouldReturnFalse()" classname="com.userregistrationtest.UserRegistrationTest" time="0.042"/>
  <system-out><![CDATA[]]></system-out>
  <system-err><![CDATA[]]></system-err>
</testsuite>
